Using pre-set license
Built from '2020.3/staging' branch; Version is '2020.3.0f1 (c7b5465681fb) revision 13088070'; Using compiler version '192528614'; Build Type 'Release'
OS: 'Windows 10 Home; OS build 19042.1110; Version 2009; 64bit' Language: 'ko' Physical Memory: 16060 MB
BatchMode: 1, IsHumanControllingUs: 0, StartBugReporterOnCrash: 0, Is64bit: 1, IsPro: 0

 COMMAND LINE ARGUMENTS:
C:\Program Files\Unity\Editor\Unity.exe
-adb2
-batchMode
-noUpm
-name
AssetImportWorker0
-projectPath
C:/Users/thdus/jsy
-logFile
Logs/AssetImportWorker0.log
-srvPort
49693
Successfully changed project path to: C:/Users/thdus/jsy
C:/Users/thdus/jsy
Using Asset Import Pipeline V2.
Refreshing native plugins compatible for Editor in 19.68 ms, found 0 plugins.
Preloading 0 native plugins for Editor in 0.00 ms.
Initialize engine version: 2020.3.0f1 (c7b5465681fb)
[Subsystems] Discovering subsystems at path C:/Program Files/Unity/Editor/Data/Resources/UnitySubsystems
[Subsystems] Discovering subsystems at path C:/Users/thdus/jsy/Assets
GfxDevice: creating device client; threaded=0
Direct3D:
    Version:  Direct3D 11.0 [level 11.1]
    Renderer: NVIDIA GeForce MX450 (ID=0x1f97)
    Vendor:   
    VRAM:     1928 MB
    Driver:   27.21.14.5256
Initialize mono
Mono path[0] = 'C:/Program Files/Unity/Editor/Data/Managed'
Mono path[1] = 'C:/Program Files/Unity/Editor/Data/MonoBleedingEdge/lib/mono/unityjit'
Mono config path = 'C:/Program Files/Unity/Editor/Data/MonoBleedingEdge/etc'
Using monoOptions --debugger-agent=transport=dt_socket,embedding=1,server=y,suspend=n,address=127.0.0.1:56152
Begin MonoManager ReloadAssembly
Registering precompiled unity dll's ...
Register platform support module: C:/Program Files/Unity/Editor/Data/PlaybackEngines/WindowsStandaloneSupport/UnityEditor.WindowsStandalone.Extensions.dll
Registered in 0.001127 seconds.
Native extension for WindowsStandalone target not found
Refreshing native plugins compatible for Editor in 20.98 ms, found 0 plugins.
Preloading 0 native plugins for Editor in 0.00 ms.
Invoked RoslynAnalysisRunner static constructor.
RoslynAnalysisRunner will not be running.
RoslynAnalysisRunner has terminated.
Mono: successfully reloaded assembly
- Completed reload, in  0.642 seconds
Platform modules already initialized, skipping
Registering precompiled user dll's ...
Registered in 0.000519 seconds.
Begin MonoManager ReloadAssembly
Native extension for WindowsStandalone target not found
Refreshing native plugins compatible for Editor in 0.20 ms, found 0 plugins.
Preloading 0 native plugins for Editor in 0.00 ms.
Invoked RoslynAnalysisRunner static constructor.
RoslynAnalysisRunner will not be running.
RoslynAnalysisRunner has terminated.
Mono: successfully reloaded assembly
- Completed reload, in  0.544 seconds
Platform modules already initialized, skipping
========================================================================
Worker process is ready to serve import requests
Launched and connected shader compiler UnityShaderCompiler.exe after 0.03 seconds
Refreshing native plugins compatible for Editor in 0.21 ms, found 0 plugins.
Preloading 0 native plugins for Editor in 0.00 ms.
Unloading 1134 Unused Serialized files (Serialized files now loaded: 0)
System memory in use before: 73.2 MB.
System memory in use after: 73.2 MB.

Unloading 10 unused Assets to reduce memory usage. Loaded Objects now: 1607.
Total: 1.317400 ms (FindLiveObjects: 0.105900 ms CreateObjectMapping: 0.022700 ms MarkObjects: 1.078100 ms  DeleteObjects: 0.109700 ms)

========================================================================
Received Import Request.
  path: Assets/Animators/CharacterController.controller
  artifactKey: Guid(1ac2a1891f6a2814dbcb83cbd24d5ee1) Importer(815301076,1909f56bfc062723c751e8b465ee728b)
Start importing Assets/Animators/CharacterController.controller using Guid(1ac2a1891f6a2814dbcb83cbd24d5ee1) Importer(815301076,1909f56bfc062723c751e8b465ee728b)  -> (artifact id: '4c0b14cac2461ad466313728c4ac7b03') in 0.084473 seconds
  Import took 0.087376 seconds .

========================================================================
Received Import Request.
  Time since last request: 123.276842 seconds.
  path: Assets/Animations/2Hand-Sword
  artifactKey: Guid(ce1172405a7eec843a79c29478d193e2) Importer(815301076,1909f56bfc062723c751e8b465ee728b)
Start importing Assets/Animations/2Hand-Sword using Guid(ce1172405a7eec843a79c29478d193e2) Importer(815301076,1909f56bfc062723c751e8b465ee728b)  -> (artifact id: '01467ce8e481d0663a7036d7b2d13923') in 0.010056 seconds
  Import took 0.011769 seconds .

========================================================================
Received Prepare
Registering precompiled user dll's ...
Registered in 0.000552 seconds.
Begin MonoManager ReloadAssembly
Native extension for WindowsStandalone target not found
Refreshing native plugins compatible for Editor in 0.32 ms, found 0 plugins.
Preloading 0 native plugins for Editor in 0.00 ms.
Invoked RoslynAnalysisRunner static constructor.
RoslynAnalysisRunner will not be running.
RoslynAnalysisRunner has terminated.
Mono: successfully reloaded assembly
- Completed reload, in  0.693 seconds
Platform modules already initialized, skipping
Refreshing native plugins compatible for Editor in 0.21 ms, found 0 plugins.
Preloading 0 native plugins for Editor in 0.00 ms.
Unloading 1126 Unused Serialized files (Serialized files now loaded: 0)
System memory in use before: 72.9 MB.
System memory in use after: 72.9 MB.

Unloading 5 unused Assets to reduce memory usage. Loaded Objects now: 1610.
Total: 1.557400 ms (FindLiveObjects: 0.229800 ms CreateObjectMapping: 0.023900 ms MarkObjects: 1.211700 ms  DeleteObjects: 0.090800 ms)

========================================================================
Received Prepare
Registering precompiled user dll's ...
Registered in 0.000538 seconds.
Begin MonoManager ReloadAssembly
Native extension for WindowsStandalone target not found
Refreshing native plugins compatible for Editor in 0.20 ms, found 0 plugins.
Preloading 0 native plugins for Editor in 0.00 ms.
Invoked RoslynAnalysisRunner static constructor.
RoslynAnalysisRunner will not be running.
RoslynAnalysisRunner has terminated.
Mono: successfully reloaded assembly
- Completed reload, in  0.499 seconds
Platform modules already initialized, skipping
Refreshing native plugins compatible for Editor in 0.23 ms, found 0 plugins.
Preloading 0 native plugins for Editor in 0.00 ms.
Unloading 1126 Unused Serialized files (Serialized files now loaded: 0)
System memory in use before: 72.9 MB.
System memory in use after: 73.0 MB.

Unloading 5 unused Assets to reduce memory usage. Loaded Objects now: 1613.
Total: 2.590600 ms (FindLiveObjects: 0.308100 ms CreateObjectMapping: 0.064500 ms MarkObjects: 2.069400 ms  DeleteObjects: 0.142200 ms)

========================================================================
Received Import Request.
  Time since last request: 3741.109869 seconds.
  path: Assets/Scripts/PlayerScripts/MoveBehaviour.cs
  artifactKey: Guid(b04cfe015b44cfc4fb97244a8ce150c0) Importer(815301076,1909f56bfc062723c751e8b465ee728b)
Start importing Assets/Scripts/PlayerScripts/MoveBehaviour.cs using Guid(b04cfe015b44cfc4fb97244a8ce150c0) Importer(815301076,1909f56bfc062723c751e8b465ee728b)  -> (artifact id: '0bea893164a1484a5488330af41b1190') in 0.014032 seconds
  Import took 0.016176 seconds .

========================================================================
Received Import Request.
  Time since last request: 0.011571 seconds.
  path: Assets/Scripts/PlayerScripts/MoveBehaviour.cs
  artifactKey: Guid(b04cfe015b44cfc4fb97244a8ce150c0) Importer(815301076,1909f56bfc062723c751e8b465ee728b)
Start importing Assets/Scripts/PlayerScripts/MoveBehaviour.cs using Guid(b04cfe015b44cfc4fb97244a8ce150c0) Importer(815301076,1909f56bfc062723c751e8b465ee728b)  -> (artifact id: '0bea893164a1484a5488330af41b1190') in 0.002549 seconds
  Import took 0.004797 seconds .

========================================================================
Received Import Request.
  Time since last request: 63.864750 seconds.
  path: Assets/Bar/Prefabs/Jumping/jump_start.anim
  artifactKey: Guid(ac5170d4101f60e4c90ef8f82f33cb88) Importer(815301076,1909f56bfc062723c751e8b465ee728b)
Start importing Assets/Bar/Prefabs/Jumping/jump_start.anim using Guid(ac5170d4101f60e4c90ef8f82f33cb88) Importer(815301076,1909f56bfc062723c751e8b465ee728b)  -> (artifact id: '1337665bd6479385cae4d68bc8f99082') in 0.026135 seconds
  Import took 0.028068 seconds .

========================================================================
Received Import Request.
  Time since last request: 52.751266 seconds.
  path: Assets/Bar/Prefabs/Jumping/fall.anim
  artifactKey: Guid(a09827d8ea45bb7449930c189d7791fc) Importer(815301076,1909f56bfc062723c751e8b465ee728b)
Start importing Assets/Bar/Prefabs/Jumping/fall.anim using Guid(a09827d8ea45bb7449930c189d7791fc) Importer(815301076,1909f56bfc062723c751e8b465ee728b)  -> (artifact id: '070ea5c51d0033a4da65c08d707cebef') in 0.014649 seconds
  Import took 0.016990 seconds .

========================================================================
Received Import Request.
  Time since last request: 61.891461 seconds.
  path: Assets/Scripts/PlayerScripts/player.cs
  artifactKey: Guid(40b02e8e49277e247a670431ff6271f2) Importer(815301076,1909f56bfc062723c751e8b465ee728b)
Start importing Assets/Scripts/PlayerScripts/player.cs using Guid(40b02e8e49277e247a670431ff6271f2) Importer(815301076,1909f56bfc062723c751e8b465ee728b)  -> (artifact id: '51e5513e7f48b2ca96f51b44f14395e1') in 0.010098 seconds
  Import took 0.013004 seconds .

========================================================================
Received Prepare
Registering precompiled user dll's ...
Registered in 0.000418 seconds.
Begin MonoManager ReloadAssembly
Native extension for WindowsStandalone target not found
Refreshing native plugins compatible for Editor in 0.21 ms, found 0 plugins.
Preloading 0 native plugins for Editor in 0.00 ms.
Invoked RoslynAnalysisRunner static constructor.
RoslynAnalysisRunner will not be running.
RoslynAnalysisRunner has terminated.
Mono: successfully reloaded assembly
- Completed reload, in  0.508 seconds
Platform modules already initialized, skipping
Refreshing native plugins compatible for Editor in 0.28 ms, found 0 plugins.
Preloading 0 native plugins for Editor in 0.00 ms.
Unloading 1127 Unused Serialized files (Serialized files now loaded: 0)
System memory in use before: 73.0 MB.
System memory in use after: 73.0 MB.

Unloading 5 unused Assets to reduce memory usage. Loaded Objects now: 1617.
Total: 1.348100 ms (FindLiveObjects: 0.129400 ms CreateObjectMapping: 0.037700 ms MarkObjects: 1.091000 ms  DeleteObjects: 0.088500 ms)

========================================================================
Received Prepare
Registering precompiled user dll's ...
Registered in 0.000548 seconds.
Begin MonoManager ReloadAssembly
Native extension for WindowsStandalone target not found
Refreshing native plugins compatible for Editor in 0.21 ms, found 0 plugins.
Preloading 0 native plugins for Editor in 0.00 ms.
Invoked RoslynAnalysisRunner static constructor.
RoslynAnalysisRunner will not be running.
RoslynAnalysisRunner has terminated.
Mono: successfully reloaded assembly
- Completed reload, in  0.471 seconds
Platform modules already initialized, skipping
Refreshing native plugins compatible for Editor in 0.28 ms, found 0 plugins.
Preloading 0 native plugins for Editor in 0.00 ms.
Unloading 1127 Unused Serialized files (Serialized files now loaded: 0)
System memory in use before: 73.0 MB.
System memory in use after: 73.0 MB.

Unloading 5 unused Assets to reduce memory usage. Loaded Objects now: 1620.
Total: 1.829800 ms (FindLiveObjects: 0.144900 ms CreateObjectMapping: 0.037000 ms MarkObjects: 1.520900 ms  DeleteObjects: 0.125300 ms)

========================================================================
Received Import Request.
  Time since last request: 1499.840487 seconds.
  path: Assets/Scenes/Test.unity
  artifactKey: Guid(eb13a422fe194ac4d96c035da4cbc4f3) Importer(815301076,1909f56bfc062723c751e8b465ee728b)
Start importing Assets/Scenes/Test.unity using Guid(eb13a422fe194ac4d96c035da4cbc4f3) Importer(815301076,1909f56bfc062723c751e8b465ee728b)  -> (artifact id: '0b277bff60ec4d15d1cb1139fc1133e2') in 0.012690 seconds
  Import took 0.014507 seconds .

========================================================================
Received Import Request.
  Time since last request: 95.574764 seconds.
  path: Assets/Animators/Player.controller
  artifactKey: Guid(ca41d5e228e63d747a22539a78b62457) Importer(815301076,1909f56bfc062723c751e8b465ee728b)
Start importing Assets/Animators/Player.controller using Guid(ca41d5e228e63d747a22539a78b62457) Importer(815301076,1909f56bfc062723c751e8b465ee728b)  -> (artifact id: '345f8d7ad62b26a57d48a14d9cb77138') in 0.008187 seconds
  Import took 0.010019 seconds .

========================================================================
Received Import Request.
  Time since last request: 0.000467 seconds.
  path: Assets/Animators/Player.controller
  artifactKey: Guid(ca41d5e228e63d747a22539a78b62457) Importer(815301076,1909f56bfc062723c751e8b465ee728b)
Start importing Assets/Animators/Player.controller using Guid(ca41d5e228e63d747a22539a78b62457) Importer(815301076,1909f56bfc062723c751e8b465ee728b)  -> (artifact id: '345f8d7ad62b26a57d48a14d9cb77138') in 0.002296 seconds
  Import took 0.004139 seconds .

========================================================================
Received Import Request.
  Time since last request: 141.555640 seconds.
  path: Assets/Player1.prefab
  artifactKey: Guid(d5bd9d4f67610f54f9165473644bbc30) Importer(815301076,1909f56bfc062723c751e8b465ee728b)
Start importing Assets/Player1.prefab using Guid(d5bd9d4f67610f54f9165473644bbc30) Importer(815301076,1909f56bfc062723c751e8b465ee728b)  -> (artifact id: '830f6ff7df74fbd259e8a9801fe450dd') in 0.079378 seconds
  Import took 0.081403 seconds .

========================================================================
Received Import Request.
  Time since last request: 101.376868 seconds.
  path: Assets/Animations/Idle/Idle.anim
  artifactKey: Guid(471152417041a2940a4295d01794f152) Importer(815301076,1909f56bfc062723c751e8b465ee728b)
Start importing Assets/Animations/Idle/Idle.anim using Guid(471152417041a2940a4295d01794f152) Importer(815301076,1909f56bfc062723c751e8b465ee728b)  -> (artifact id: '7795b07529eb8ac1266779d036f675b5') in 0.028697 seconds
  Import took 0.030513 seconds .

========================================================================
Received Import Request.
  Time since last request: 56.402906 seconds.
  path: Assets/Scenes/SimpleCity.unity
  artifactKey: Guid(6793356e0bfc5984791081da0f229652) Importer(815301076,1909f56bfc062723c751e8b465ee728b)
Start importing Assets/Scenes/SimpleCity.unity using Guid(6793356e0bfc5984791081da0f229652) Importer(815301076,1909f56bfc062723c751e8b465ee728b)  -> (artifact id: '1ac9a844e95a73226dfbd66f7eb9436e') in 0.008006 seconds
  Import took 0.009921 seconds .

========================================================================
Received Import Request.
  Time since last request: 18.402719 seconds.
  path: Assets/Scenes/Test.unity
  artifactKey: Guid(eb13a422fe194ac4d96c035da4cbc4f3) Importer(815301076,1909f56bfc062723c751e8b465ee728b)
Start importing Assets/Scenes/Test.unity using Guid(eb13a422fe194ac4d96c035da4cbc4f3) Importer(815301076,1909f56bfc062723c751e8b465ee728b)  -> (artifact id: '2d980dbb09fcaf3d5eb555b035d3ffb5') in 0.002836 seconds
  Import took 0.004605 seconds .

========================================================================
Received Import Request.
  Time since last request: 21.611385 seconds.
  path: Assets/Animators/Player.controller
  artifactKey: Guid(ca41d5e228e63d747a22539a78b62457) Importer(815301076,1909f56bfc062723c751e8b465ee728b)
Start importing Assets/Animators/Player.controller using Guid(ca41d5e228e63d747a22539a78b62457) Importer(815301076,1909f56bfc062723c751e8b465ee728b)  -> (artifact id: '04d0b16e2c4b775842aec4af3e93cb8a') in 0.020747 seconds
  Import took 0.022396 seconds .

========================================================================
Received Prepare
Registering precompiled user dll's ...
Registered in 0.000470 seconds.
Begin MonoManager ReloadAssembly
Native extension for WindowsStandalone target not found
Refreshing native plugins compatible for Editor in 0.21 ms, found 0 plugins.
Preloading 0 native plugins for Editor in 0.00 ms.
Invoked RoslynAnalysisRunner static constructor.
RoslynAnalysisRunner will not be running.
RoslynAnalysisRunner has terminated.
Mono: successfully reloaded assembly
- Completed reload, in  0.492 seconds
Platform modules already initialized, skipping
Refreshing native plugins compatible for Editor in 0.21 ms, found 0 plugins.
Preloading 0 native plugins for Editor in 0.00 ms.
Unloading 1127 Unused Serialized files (Serialized files now loaded: 0)
System memory in use before: 76.1 MB.
System memory in use after: 76.2 MB.

Unloading 5 unused Assets to reduce memory usage. Loaded Objects now: 1630.
Total: 1.627900 ms (FindLiveObjects: 0.161800 ms CreateObjectMapping: 0.030000 ms MarkObjects: 1.323000 ms  DeleteObjects: 0.111500 ms)

========================================================================
Received Prepare
Registering precompiled user dll's ...
Registered in 0.000728 seconds.
Begin MonoManager ReloadAssembly
Native extension for WindowsStandalone target not found
Refreshing native plugins compatible for Editor in 0.24 ms, found 0 plugins.
Preloading 0 native plugins for Editor in 0.00 ms.
Invoked RoslynAnalysisRunner static constructor.
RoslynAnalysisRunner will not be running.
RoslynAnalysisRunner has terminated.
Mono: successfully reloaded assembly
- Completed reload, in  0.676 seconds
Platform modules already initialized, skipping
Refreshing native plugins compatible for Editor in 0.23 ms, found 0 plugins.
Preloading 0 native plugins for Editor in 0.00 ms.
Unloading 1127 Unused Serialized files (Serialized files now loaded: 0)
System memory in use before: 76.1 MB.
System memory in use after: 76.2 MB.

Unloading 5 unused Assets to reduce memory usage. Loaded Objects now: 1633.
Total: 2.118900 ms (FindLiveObjects: 0.189400 ms CreateObjectMapping: 0.026400 ms MarkObjects: 1.724300 ms  DeleteObjects: 0.177000 ms)

========================================================================
Received Prepare
Registering precompiled user dll's ...
Registered in 0.000409 seconds.
Begin MonoManager ReloadAssembly
Native extension for WindowsStandalone target not found
Refreshing native plugins compatible for Editor in 0.21 ms, found 0 plugins.
Preloading 0 native plugins for Editor in 0.00 ms.
Invoked RoslynAnalysisRunner static constructor.
RoslynAnalysisRunner will not be running.
RoslynAnalysisRunner has terminated.
Mono: successfully reloaded assembly
- Completed reload, in  0.548 seconds
Platform modules already initialized, skipping
Refreshing native plugins compatible for Editor in 0.21 ms, found 0 plugins.
Preloading 0 native plugins for Editor in 0.00 ms.
Unloading 1127 Unused Serialized files (Serialized files now loaded: 0)
System memory in use before: 76.1 MB.
System memory in use after: 76.2 MB.

Unloading 5 unused Assets to reduce memory usage. Loaded Objects now: 1636.
Total: 1.327900 ms (FindLiveObjects: 0.119900 ms CreateObjectMapping: 0.028100 ms MarkObjects: 1.085500 ms  DeleteObjects: 0.093400 ms)

========================================================================
Received Prepare
Registering precompiled user dll's ...
Registered in 0.000506 seconds.
Begin MonoManager ReloadAssembly
Native extension for WindowsStandalone target not found
Refreshing native plugins compatible for Editor in 0.25 ms, found 0 plugins.
Preloading 0 native plugins for Editor in 0.00 ms.
Invoked RoslynAnalysisRunner static constructor.
RoslynAnalysisRunner will not be running.
RoslynAnalysisRunner has terminated.
Mono: successfully reloaded assembly
- Completed reload, in  0.495 seconds
Platform modules already initialized, skipping
Refreshing native plugins compatible for Editor in 0.21 ms, found 0 plugins.
Preloading 0 native plugins for Editor in 0.00 ms.
Unloading 1127 Unused Serialized files (Serialized files now loaded: 0)
System memory in use before: 76.1 MB.
System memory in use after: 76.2 MB.

Unloading 5 unused Assets to reduce memory usage. Loaded Objects now: 1639.
Total: 1.292700 ms (FindLiveObjects: 0.093400 ms CreateObjectMapping: 0.021900 ms MarkObjects: 1.080100 ms  DeleteObjects: 0.096500 ms)

========================================================================
Received Import Request.
  Time since last request: 762.737819 seconds.
  path: Assets/Animators/CharacterController.controller
  artifactKey: Guid(1ac2a1891f6a2814dbcb83cbd24d5ee1) Importer(815301076,1909f56bfc062723c751e8b465ee728b)
Start importing Assets/Animators/CharacterController.controller using Guid(1ac2a1891f6a2814dbcb83cbd24d5ee1) Importer(815301076,1909f56bfc062723c751e8b465ee728b)  -> (artifact id: '02f97a740276b9e0cc1e6db2572b2abb') in 0.104694 seconds
  Import took 0.107773 seconds .

========================================================================
Received Prepare
Registering precompiled user dll's ...
Registered in 0.000432 seconds.
Begin MonoManager ReloadAssembly
Native extension for WindowsStandalone target not found
Refreshing native plugins compatible for Editor in 0.21 ms, found 0 plugins.
Preloading 0 native plugins for Editor in 0.00 ms.
Invoked RoslynAnalysisRunner static constructor.
RoslynAnalysisRunner will not be running.
RoslynAnalysisRunner has terminated.
Mono: successfully reloaded assembly
- Completed reload, in  0.525 seconds
Platform modules already initialized, skipping
Refreshing native plugins compatible for Editor in 0.29 ms, found 0 plugins.
Preloading 0 native plugins for Editor in 0.00 ms.
Unloading 1127 Unused Serialized files (Serialized files now loaded: 0)
System memory in use before: 76.2 MB.
System memory in use after: 76.2 MB.

Unloading 5 unused Assets to reduce memory usage. Loaded Objects now: 1642.
Total: 1.432700 ms (FindLiveObjects: 0.118900 ms CreateObjectMapping: 0.024000 ms MarkObjects: 1.177100 ms  DeleteObjects: 0.095900 ms)

========================================================================
Received Import Request.
  Time since last request: 34.481533 seconds.
  path: Assets/Animators/CharacterController.controller
  artifactKey: Guid(1ac2a1891f6a2814dbcb83cbd24d5ee1) Importer(815301076,1909f56bfc062723c751e8b465ee728b)
Start importing Assets/Animators/CharacterController.controller using Guid(1ac2a1891f6a2814dbcb83cbd24d5ee1) Importer(815301076,1909f56bfc062723c751e8b465ee728b)  -> (artifact id: 'c2725d95088abee53872cfdca6a428ce') in 0.066996 seconds
  Import took 0.069677 seconds .

========================================================================
Received Prepare
Registering precompiled user dll's ...
Registered in 0.000534 seconds.
Begin MonoManager ReloadAssembly
Native extension for WindowsStandalone target not found
Refreshing native plugins compatible for Editor in 0.21 ms, found 0 plugins.
Preloading 0 native plugins for Editor in 0.00 ms.
Invoked RoslynAnalysisRunner static constructor.
RoslynAnalysisRunner will not be running.
RoslynAnalysisRunner has terminated.
Mono: successfully reloaded assembly
- Completed reload, in  0.504 seconds
Platform modules already initialized, skipping
Refreshing native plugins compatible for Editor in 0.21 ms, found 0 plugins.
Preloading 0 native plugins for Editor in 0.00 ms.
Unloading 1127 Unused Serialized files (Serialized files now loaded: 0)
System memory in use before: 76.2 MB.
System memory in use after: 76.2 MB.

Unloading 5 unused Assets to reduce memory usage. Loaded Objects now: 1645.
Total: 1.626000 ms (FindLiveObjects: 0.108700 ms CreateObjectMapping: 0.022600 ms MarkObjects: 1.389300 ms  DeleteObjects: 0.103900 ms)

========================================================================
Received Import Request.
  Time since last request: 493.468931 seconds.
  path: Assets/Animations/Locomotion/strafe_45.anim
  artifactKey: Guid(87d1452aef245c14abb19ec855de2bc1) Importer(815301076,1909f56bfc062723c751e8b465ee728b)
Start importing Assets/Animations/Locomotion/strafe_45.anim using Guid(87d1452aef245c14abb19ec855de2bc1) Importer(815301076,1909f56bfc062723c751e8b465ee728b)  -> (artifact id: '3a37dec8dc4eda7648163f26b512a91b') in 0.019231 seconds
  Import took 0.021088 seconds .

========================================================================
Received Import Request.
  Time since last request: 0.962063 seconds.
  path: Assets/Animations/Locomotion/strafe.anim
  artifactKey: Guid(c2f405b6c56b4b441b2976c935d21e70) Importer(815301076,1909f56bfc062723c751e8b465ee728b)
Start importing Assets/Animations/Locomotion/strafe.anim using Guid(c2f405b6c56b4b441b2976c935d21e70) Importer(815301076,1909f56bfc062723c751e8b465ee728b)  -> (artifact id: 'ded191a74fa11f80ba99449e69c06bc6') in 0.009870 seconds
  Import took 0.011700 seconds .

========================================================================
Received Import Request.
  Time since last request: 0.000525 seconds.
  path: Assets/Animations/Locomotion/strafe.anim
  artifactKey: Guid(c2f405b6c56b4b441b2976c935d21e70) Importer(815301076,1909f56bfc062723c751e8b465ee728b)
Start importing Assets/Animations/Locomotion/strafe.anim using Guid(c2f405b6c56b4b441b2976c935d21e70) Importer(815301076,1909f56bfc062723c751e8b465ee728b)  -> (artifact id: 'ded191a74fa11f80ba99449e69c06bc6') in 0.005826 seconds
  Import took 0.007578 seconds .

========================================================================
Received Prepare
Registering precompiled user dll's ...
Registered in 0.000459 seconds.
Begin MonoManager ReloadAssembly
Native extension for WindowsStandalone target not found
Refreshing native plugins compatible for Editor in 0.20 ms, found 0 plugins.
Preloading 0 native plugins for Editor in 0.00 ms.
Invoked RoslynAnalysisRunner static constructor.
RoslynAnalysisRunner will not be running.
RoslynAnalysisRunner has terminated.
Mono: successfully reloaded assembly
- Completed reload, in  0.506 seconds
Platform modules already initialized, skipping
Refreshing native plugins compatible for Editor in 0.21 ms, found 0 plugins.
Preloading 0 native plugins for Editor in 0.00 ms.
Unloading 1127 Unused Serialized files (Serialized files now loaded: 0)
System memory in use before: 76.2 MB.
System memory in use after: 76.2 MB.

Unloading 5 unused Assets to reduce memory usage. Loaded Objects now: 1648.
Total: 1.466100 ms (FindLiveObjects: 0.109500 ms CreateObjectMapping: 0.025400 ms MarkObjects: 1.220800 ms  DeleteObjects: 0.109100 ms)

========================================================================
Received Prepare
Registering precompiled user dll's ...
Registered in 0.000466 seconds.
Begin MonoManager ReloadAssembly
Native extension for WindowsStandalone target not found
Refreshing native plugins compatible for Editor in 0.20 ms, found 0 plugins.
Preloading 0 native plugins for Editor in 0.00 ms.
Invoked RoslynAnalysisRunner static constructor.
RoslynAnalysisRunner will not be running.
RoslynAnalysisRunner has terminated.
Mono: successfully reloaded assembly
- Completed reload, in  0.528 seconds
Platform modules already initialized, skipping
Refreshing native plugins compatible for Editor in 0.24 ms, found 0 plugins.
Preloading 0 native plugins for Editor in 0.00 ms.
Unloading 1127 Unused Serialized files (Serialized files now loaded: 0)
System memory in use before: 76.2 MB.
System memory in use after: 76.3 MB.

Unloading 5 unused Assets to reduce memory usage. Loaded Objects now: 1651.
Total: 1.565600 ms (FindLiveObjects: 0.127400 ms CreateObjectMapping: 0.025200 ms MarkObjects: 1.317200 ms  DeleteObjects: 0.094500 ms)

========================================================================
Received Prepare
Registering precompiled user dll's ...
Registered in 0.000525 seconds.
Begin MonoManager ReloadAssembly
Native extension for WindowsStandalone target not found
Refreshing native plugins compatible for Editor in 0.21 ms, found 0 plugins.
Preloading 0 native plugins for Editor in 0.00 ms.
Invoked RoslynAnalysisRunner static constructor.
RoslynAnalysisRunner will not be running.
RoslynAnalysisRunner has terminated.
Mono: successfully reloaded assembly
- Completed reload, in  0.499 seconds
Platform modules already initialized, skipping
Refreshing native plugins compatible for Editor in 0.21 ms, found 0 plugins.
Preloading 0 native plugins for Editor in 0.00 ms.
Unloading 1127 Unused Serialized files (Serialized files now loaded: 0)
System memory in use before: 76.2 MB.
System memory in use after: 76.3 MB.

Unloading 5 unused Assets to reduce memory usage. Loaded Objects now: 1654.
Total: 1.857300 ms (FindLiveObjects: 0.193200 ms CreateObjectMapping: 0.047200 ms MarkObjects: 1.488300 ms  DeleteObjects: 0.127400 ms)

========================================================================
Received Prepare
Registering precompiled user dll's ...
Registered in 0.000529 seconds.
Begin MonoManager ReloadAssembly
Native extension for WindowsStandalone target not found
Refreshing native plugins compatible for Editor in 0.20 ms, found 0 plugins.
Preloading 0 native plugins for Editor in 0.00 ms.
Invoked RoslynAnalysisRunner static constructor.
RoslynAnalysisRunner will not be running.
RoslynAnalysisRunner has terminated.
Mono: successfully reloaded assembly
- Completed reload, in  0.499 seconds
Platform modules already initialized, skipping
Refreshing native plugins compatible for Editor in 0.21 ms, found 0 plugins.
Preloading 0 native plugins for Editor in 0.00 ms.
Unloading 1127 Unused Serialized files (Serialized files now loaded: 0)
System memory in use before: 76.2 MB.
System memory in use after: 76.3 MB.

Unloading 5 unused Assets to reduce memory usage. Loaded Objects now: 1657.
Total: 1.899300 ms (FindLiveObjects: 0.190700 ms CreateObjectMapping: 0.044400 ms MarkObjects: 1.553700 ms  DeleteObjects: 0.109100 ms)

========================================================================
Received Prepare
Registering precompiled user dll's ...
Registered in 0.000456 seconds.
Begin MonoManager ReloadAssembly
Native extension for WindowsStandalone target not found
Refreshing native plugins compatible for Editor in 0.21 ms, found 0 plugins.
Preloading 0 native plugins for Editor in 0.00 ms.
Invoked RoslynAnalysisRunner static constructor.
RoslynAnalysisRunner will not be running.
RoslynAnalysisRunner has terminated.
Mono: successfully reloaded assembly
- Completed reload, in  0.555 seconds
Platform modules already initialized, skipping
Refreshing native plugins compatible for Editor in 0.21 ms, found 0 plugins.
Preloading 0 native plugins for Editor in 0.00 ms.
Unloading 1127 Unused Serialized files (Serialized files now loaded: 0)
System memory in use before: 76.2 MB.
System memory in use after: 76.3 MB.

Unloading 5 unused Assets to reduce memory usage. Loaded Objects now: 1660.
Total: 1.380200 ms (FindLiveObjects: 0.124600 ms CreateObjectMapping: 0.025800 ms MarkObjects: 1.151200 ms  DeleteObjects: 0.077500 ms)

========================================================================
Received Prepare
Registering precompiled user dll's ...
Registered in 0.000508 seconds.
Begin MonoManager ReloadAssembly
Native extension for WindowsStandalone target not found
Refreshing native plugins compatible for Editor in 0.20 ms, found 0 plugins.
Preloading 0 native plugins for Editor in 0.00 ms.
Invoked RoslynAnalysisRunner static constructor.
RoslynAnalysisRunner will not be running.
RoslynAnalysisRunner has terminated.
Mono: successfully reloaded assembly
- Completed reload, in  0.520 seconds
Platform modules already initialized, skipping
Refreshing native plugins compatible for Editor in 0.22 ms, found 0 plugins.
Preloading 0 native plugins for Editor in 0.00 ms.
Unloading 1127 Unused Serialized files (Serialized files now loaded: 0)
System memory in use before: 76.2 MB.
System memory in use after: 76.3 MB.

Unloading 5 unused Assets to reduce memory usage. Loaded Objects now: 1663.
Total: 1.299400 ms (FindLiveObjects: 0.113000 ms CreateObjectMapping: 0.023000 ms MarkObjects: 1.073500 ms  DeleteObjects: 0.088500 ms)

========================================================================
Received Import Request.
  Time since last request: 2480.390417 seconds.
  path: Assets/Animators/Player.controller
  artifactKey: Guid(ca41d5e228e63d747a22539a78b62457) Importer(815301076,1909f56bfc062723c751e8b465ee728b)
Start importing Assets/Animators/Player.controller using Guid(ca41d5e228e63d747a22539a78b62457) Importer(815301076,1909f56bfc062723c751e8b465ee728b)  -> (artifact id: '885200c0662fc59fad8e8d90e28703a5') in 0.021675 seconds
  Import took 0.023607 seconds .

========================================================================
Received Prepare
Registering precompiled user dll's ...
Registered in 0.000776 seconds.
Begin MonoManager ReloadAssembly
Native extension for WindowsStandalone target not found
Refreshing native plugins compatible for Editor in 0.21 ms, found 0 plugins.
Preloading 0 native plugins for Editor in 0.00 ms.
Invoked RoslynAnalysisRunner static constructor.
RoslynAnalysisRunner will not be running.
RoslynAnalysisRunner has terminated.
Mono: successfully reloaded assembly
- Completed reload, in  0.541 seconds
Platform modules already initialized, skipping
Refreshing native plugins compatible for Editor in 0.29 ms, found 0 plugins.
Preloading 0 native plugins for Editor in 0.00 ms.
Unloading 1127 Unused Serialized files (Serialized files now loaded: 0)
System memory in use before: 76.2 MB.
System memory in use after: 76.3 MB.

Unloading 5 unused Assets to reduce memory usage. Loaded Objects now: 1666.
Total: 1.765200 ms (FindLiveObjects: 0.158400 ms CreateObjectMapping: 0.029700 ms MarkObjects: 1.471300 ms  DeleteObjects: 0.104800 ms)

========================================================================
Received Prepare
Registering precompiled user dll's ...
Registered in 0.000434 seconds.
Begin MonoManager ReloadAssembly
Native extension for WindowsStandalone target not found
Refreshing native plugins compatible for Editor in 0.20 ms, found 0 plugins.
Preloading 0 native plugins for Editor in 0.00 ms.
Invoked RoslynAnalysisRunner static constructor.
RoslynAnalysisRunner will not be running.
RoslynAnalysisRunner has terminated.
Mono: successfully reloaded assembly
- Completed reload, in  0.516 seconds
Platform modules already initialized, skipping
Refreshing native plugins compatible for Editor in 0.21 ms, found 0 plugins.
Preloading 0 native plugins for Editor in 0.00 ms.
Unloading 1127 Unused Serialized files (Serialized files now loaded: 0)
System memory in use before: 76.2 MB.
System memory in use after: 76.3 MB.

Unloading 5 unused Assets to reduce memory usage. Loaded Objects now: 1669.
Total: 1.687400 ms (FindLiveObjects: 0.131200 ms CreateObjectMapping: 0.026400 ms MarkObjects: 1.420100 ms  DeleteObjects: 0.108200 ms)

========================================================================
Received Prepare
Registering precompiled user dll's ...
Registered in 0.000432 seconds.
Begin MonoManager ReloadAssembly
Native extension for WindowsStandalone target not found
Refreshing native plugins compatible for Editor in 0.21 ms, found 0 plugins.
Preloading 0 native plugins for Editor in 0.00 ms.
Invoked RoslynAnalysisRunner static constructor.
RoslynAnalysisRunner will not be running.
RoslynAnalysisRunner has terminated.
Mono: successfully reloaded assembly
- Completed reload, in  0.476 seconds
Platform modules already initialized, skipping
Refreshing native plugins compatible for Editor in 0.21 ms, found 0 plugins.
Preloading 0 native plugins for Editor in 0.00 ms.
Unloading 1127 Unused Serialized files (Serialized files now loaded: 0)
System memory in use before: 76.2 MB.
System memory in use after: 76.3 MB.

Unloading 5 unused Assets to reduce memory usage. Loaded Objects now: 1672.
Total: 1.266800 ms (FindLiveObjects: 0.125400 ms CreateObjectMapping: 0.029700 ms MarkObjects: 1.011400 ms  DeleteObjects: 0.099400 ms)

========================================================================
Received Prepare
Registering precompiled user dll's ...
Registered in 0.000454 seconds.
Begin MonoManager ReloadAssembly
Native extension for WindowsStandalone target not found
Refreshing native plugins compatible for Editor in 0.31 ms, found 0 plugins.
Preloading 0 native plugins for Editor in 0.00 ms.
Invoked RoslynAnalysisRunner static constructor.
RoslynAnalysisRunner will not be running.
RoslynAnalysisRunner has terminated.
Mono: successfully reloaded assembly
- Completed reload, in  0.483 seconds
Platform modules already initialized, skipping
Refreshing native plugins compatible for Editor in 0.21 ms, found 0 plugins.
Preloading 0 native plugins for Editor in 0.00 ms.
Unloading 1127 Unused Serialized files (Serialized files now loaded: 0)
System memory in use before: 76.2 MB.
System memory in use after: 76.3 MB.

Unloading 5 unused Assets to reduce memory usage. Loaded Objects now: 1675.
Total: 1.586000 ms (FindLiveObjects: 0.119900 ms CreateObjectMapping: 0.023700 ms MarkObjects: 1.350200 ms  DeleteObjects: 0.091400 ms)

========================================================================
Received Prepare
Registering precompiled user dll's ...
Registered in 0.001221 seconds.
Begin MonoManager ReloadAssembly
Native extension for WindowsStandalone target not found
Refreshing native plugins compatible for Editor in 0.51 ms, found 0 plugins.
Preloading 0 native plugins for Editor in 0.00 ms.
Invoked RoslynAnalysisRunner static constructor.
RoslynAnalysisRunner will not be running.
RoslynAnalysisRunner has terminated.
Mono: successfully reloaded assembly
- Completed reload, in  1.213 seconds
Platform modules already initialized, skipping
Refreshing native plugins compatible for Editor in 0.51 ms, found 0 plugins.
Preloading 0 native plugins for Editor in 0.00 ms.
Unloading 1127 Unused Serialized files (Serialized files now loaded: 0)
System memory in use before: 76.3 MB.
System memory in use after: 76.3 MB.

Unloading 5 unused Assets to reduce memory usage. Loaded Objects now: 1678.
Total: 2.207200 ms (FindLiveObjects: 0.244300 ms CreateObjectMapping: 0.079100 ms MarkObjects: 1.749300 ms  DeleteObjects: 0.132900 ms)

========================================================================
Received Import Request.
  Time since last request: 740.937242 seconds.
  path: Assets/Animators/Player.controller
  artifactKey: Guid(ca41d5e228e63d747a22539a78b62457) Importer(815301076,1909f56bfc062723c751e8b465ee728b)
Start importing Assets/Animators/Player.controller using Guid(ca41d5e228e63d747a22539a78b62457) Importer(815301076,1909f56bfc062723c751e8b465ee728b)  -> (artifact id: '6de9d5f562415ff6ee9698c7b97b00ed') in 0.014255 seconds
  Import took 0.017647 seconds .

========================================================================
Received Prepare
Registering precompiled user dll's ...
Registered in 0.000498 seconds.
Begin MonoManager ReloadAssembly
Native extension for WindowsStandalone target not found
Refreshing native plugins compatible for Editor in 0.20 ms, found 0 plugins.
Preloading 0 native plugins for Editor in 0.00 ms.
Invoked RoslynAnalysisRunner static constructor.
RoslynAnalysisRunner will not be running.
RoslynAnalysisRunner has terminated.
Mono: successfully reloaded assembly
- Completed reload, in  0.482 seconds
Platform modules already initialized, skipping
Refreshing native plugins compatible for Editor in 0.22 ms, found 0 plugins.
Preloading 0 native plugins for Editor in 0.00 ms.
Unloading 1127 Unused Serialized files (Serialized files now loaded: 0)
System memory in use before: 76.3 MB.
System memory in use after: 76.3 MB.

Unloading 5 unused Assets to reduce memory usage. Loaded Objects now: 1681.
Total: 1.380000 ms (FindLiveObjects: 0.105800 ms CreateObjectMapping: 0.035500 ms MarkObjects: 1.157200 ms  DeleteObjects: 0.080500 ms)

========================================================================
Received Prepare
Registering precompiled user dll's ...
Registered in 0.000536 seconds.
Begin MonoManager ReloadAssembly
Native extension for WindowsStandalone target not found
Refreshing native plugins compatible for Editor in 0.21 ms, found 0 plugins.
Preloading 0 native plugins for Editor in 0.00 ms.
Invoked RoslynAnalysisRunner static constructor.
RoslynAnalysisRunner will not be running.
RoslynAnalysisRunner has terminated.
Mono: successfully reloaded assembly
- Completed reload, in  0.539 seconds
Platform modules already initialized, skipping
Refreshing native plugins compatible for Editor in 0.21 ms, found 0 plugins.
Preloading 0 native plugins for Editor in 0.00 ms.
Unloading 1127 Unused Serialized files (Serialized files now loaded: 0)
System memory in use before: 76.3 MB.
System memory in use after: 76.3 MB.

Unloading 5 unused Assets to reduce memory usage. Loaded Objects now: 1684.
Total: 1.321100 ms (FindLiveObjects: 0.102500 ms CreateObjectMapping: 0.022400 ms MarkObjects: 1.108600 ms  DeleteObjects: 0.086700 ms)

========================================================================
Received Prepare
Registering precompiled user dll's ...
Registered in 0.000413 seconds.
Begin MonoManager ReloadAssembly
Native extension for WindowsStandalone target not found
Refreshing native plugins compatible for Editor in 0.20 ms, found 0 plugins.
Preloading 0 native plugins for Editor in 0.00 ms.
Invoked RoslynAnalysisRunner static constructor.
RoslynAnalysisRunner will not be running.
RoslynAnalysisRunner has terminated.
Mono: successfully reloaded assembly
- Completed reload, in  0.473 seconds
Platform modules already initialized, skipping
Refreshing native plugins compatible for Editor in 0.21 ms, found 0 plugins.
Preloading 0 native plugins for Editor in 0.00 ms.
Unloading 1127 Unused Serialized files (Serialized files now loaded: 0)
System memory in use before: 76.3 MB.
System memory in use after: 76.4 MB.

Unloading 5 unused Assets to reduce memory usage. Loaded Objects now: 1687.
Total: 1.406500 ms (FindLiveObjects: 0.132200 ms CreateObjectMapping: 0.028400 ms MarkObjects: 1.147500 ms  DeleteObjects: 0.097500 ms)

========================================================================
Received Import Request.
  Time since last request: 456.108626 seconds.
  path: Assets/Scenes/SimpleCity.unity
  artifactKey: Guid(6793356e0bfc5984791081da0f229652) Importer(815301076,1909f56bfc062723c751e8b465ee728b)
Start importing Assets/Scenes/SimpleCity.unity using Guid(6793356e0bfc5984791081da0f229652) Importer(815301076,1909f56bfc062723c751e8b465ee728b)  -> (artifact id: '970cd99b91bdd8092ae27c0c20330d50') in 0.009702 seconds
  Import took 0.011442 seconds .

========================================================================
Received Prepare
Registering precompiled user dll's ...
Registered in 0.000431 seconds.
Begin MonoManager ReloadAssembly
Native extension for WindowsStandalone target not found
Refreshing native plugins compatible for Editor in 0.20 ms, found 0 plugins.
Preloading 0 native plugins for Editor in 0.00 ms.
Invoked RoslynAnalysisRunner static constructor.
RoslynAnalysisRunner will not be running.
RoslynAnalysisRunner has terminated.
Mono: successfully reloaded assembly
- Completed reload, in  0.482 seconds
Platform modules already initialized, skipping
Refreshing native plugins compatible for Editor in 0.21 ms, found 0 plugins.
Preloading 0 native plugins for Editor in 0.00 ms.
Unloading 1127 Unused Serialized files (Serialized files now loaded: 0)
System memory in use before: 76.3 MB.
System memory in use after: 76.4 MB.

Unloading 5 unused Assets to reduce memory usage. Loaded Objects now: 1690.
Total: 1.320600 ms (FindLiveObjects: 0.105800 ms CreateObjectMapping: 0.020700 ms MarkObjects: 1.092800 ms  DeleteObjects: 0.100000 ms)

========================================================================
Received Prepare
Registering precompiled user dll's ...
Registered in 0.000429 seconds.
Begin MonoManager ReloadAssembly
Native extension for WindowsStandalone target not found
Refreshing native plugins compatible for Editor in 0.20 ms, found 0 plugins.
Preloading 0 native plugins for Editor in 0.00 ms.
Invoked RoslynAnalysisRunner static constructor.
RoslynAnalysisRunner will not be running.
RoslynAnalysisRunner has terminated.
Mono: successfully reloaded assembly
- Completed reload, in  0.490 seconds
Platform modules already initialized, skipping
Refreshing native plugins compatible for Editor in 0.21 ms, found 0 plugins.
Preloading 0 native plugins for Editor in 0.00 ms.
Unloading 1127 Unused Serialized files (Serialized files now loaded: 0)
System memory in use before: 76.3 MB.
System memory in use after: 76.3 MB.

Unloading 5 unused Assets to reduce memory usage. Loaded Objects now: 1693.
Total: 1.440900 ms (FindLiveObjects: 0.178100 ms CreateObjectMapping: 0.039900 ms MarkObjects: 1.125900 ms  DeleteObjects: 0.096200 ms)

========================================================================
Received Prepare
Registering precompiled user dll's ...
Registered in 0.000427 seconds.
Begin MonoManager ReloadAssembly
Native extension for WindowsStandalone target not found
Refreshing native plugins compatible for Editor in 0.21 ms, found 0 plugins.
Preloading 0 native plugins for Editor in 0.00 ms.
Invoked RoslynAnalysisRunner static constructor.
RoslynAnalysisRunner will not be running.
RoslynAnalysisRunner has terminated.
Mono: successfully reloaded assembly
- Completed reload, in  0.478 seconds
Platform modules already initialized, skipping
Refreshing native plugins compatible for Editor in 0.29 ms, found 0 plugins.
Preloading 0 native plugins for Editor in 0.00 ms.
Unloading 1127 Unused Serialized files (Serialized files now loaded: 0)
System memory in use before: 76.3 MB.
System memory in use after: 76.3 MB.

Unloading 5 unused Assets to reduce memory usage. Loaded Objects now: 1696.
Total: 1.558700 ms (FindLiveObjects: 0.153600 ms CreateObjectMapping: 0.022100 ms MarkObjects: 1.290400 ms  DeleteObjects: 0.091100 ms)

========================================================================
Received Import Request.
  Time since last request: 877.919870 seconds.
  path: Assets/Scenes/SimpleCity.unity
  artifactKey: Guid(6793356e0bfc5984791081da0f229652) Importer(815301076,1909f56bfc062723c751e8b465ee728b)
Start importing Assets/Scenes/SimpleCity.unity using Guid(6793356e0bfc5984791081da0f229652) Importer(815301076,1909f56bfc062723c751e8b465ee728b)  -> (artifact id: 'a91ee155130053d50483f0935a7461a4') in 0.012462 seconds
  Import took 0.014132 seconds .

========================================================================
Received Import Request.
  Time since last request: 0.630818 seconds.
  path: Assets/Scenes/Test.unity
  artifactKey: Guid(eb13a422fe194ac4d96c035da4cbc4f3) Importer(815301076,1909f56bfc062723c751e8b465ee728b)
Start importing Assets/Scenes/Test.unity using Guid(eb13a422fe194ac4d96c035da4cbc4f3) Importer(815301076,1909f56bfc062723c751e8b465ee728b)  -> (artifact id: '137682590496db0bb1dca0b272e98b1b') in 0.002248 seconds
  Import took 0.004598 seconds .

========================================================================
Received Import Request.
  Time since last request: 100.532275 seconds.
  path: Assets/Scenes/SimpleCity.unity
  artifactKey: Guid(6793356e0bfc5984791081da0f229652) Importer(815301076,1909f56bfc062723c751e8b465ee728b)
Start importing Assets/Scenes/SimpleCity.unity using Guid(6793356e0bfc5984791081da0f229652) Importer(815301076,1909f56bfc062723c751e8b465ee728b)  -> (artifact id: '1b4cf9ca7a3f1d51a759addb29b3bb89') in 0.002094 seconds
  Import took 0.003903 seconds .

========================================================================
Received Import Request.
  Time since last request: 276.939125 seconds.
  path: Assets/Animators/CharacterController.controller
  artifactKey: Guid(1ac2a1891f6a2814dbcb83cbd24d5ee1) Importer(815301076,1909f56bfc062723c751e8b465ee728b)
Start importing Assets/Animators/CharacterController.controller using Guid(1ac2a1891f6a2814dbcb83cbd24d5ee1) Importer(815301076,1909f56bfc062723c751e8b465ee728b)  -> (artifact id: 'bae63fd6262d4f5b224797503af479ae') in 0.058826 seconds
  Import took 0.061594 seconds .

========================================================================
Received Prepare
Registering precompiled user dll's ...
Registered in 0.000465 seconds.
Begin MonoManager ReloadAssembly
Native extension for WindowsStandalone target not found
Refreshing native plugins compatible for Editor in 0.21 ms, found 0 plugins.
Preloading 0 native plugins for Editor in 0.00 ms.
Invoked RoslynAnalysisRunner static constructor.
RoslynAnalysisRunner will not be running.
RoslynAnalysisRunner has terminated.
Mono: successfully reloaded assembly
- Completed reload, in  0.525 seconds
Platform modules already initialized, skipping
Refreshing native plugins compatible for Editor in 0.21 ms, found 0 plugins.
Preloading 0 native plugins for Editor in 0.00 ms.
Unloading 1127 Unused Serialized files (Serialized files now loaded: 0)
System memory in use before: 76.3 MB.
System memory in use after: 76.4 MB.

Unloading 5 unused Assets to reduce memory usage. Loaded Objects now: 1699.
Total: 1.669400 ms (FindLiveObjects: 0.146500 ms CreateObjectMapping: 0.029600 ms MarkObjects: 1.411600 ms  DeleteObjects: 0.080900 ms)

========================================================================
Received Import Request.
  Time since last request: 218.304557 seconds.
  path: Assets/Scripts/PlayerScripts/MoveBehaviour.cs
  artifactKey: Guid(b04cfe015b44cfc4fb97244a8ce150c0) Importer(815301076,1909f56bfc062723c751e8b465ee728b)
Start importing Assets/Scripts/PlayerScripts/MoveBehaviour.cs using Guid(b04cfe015b44cfc4fb97244a8ce150c0) Importer(815301076,1909f56bfc062723c751e8b465ee728b)  -> (artifact id: '1e3fe450c421fa579eabca9e0f30db96') in 0.008299 seconds
  Import took 0.010430 seconds .

========================================================================
Received Import Request.
  Time since last request: 0.017039 seconds.
  path: Assets/Scripts/PlayerScripts/MoveBehaviour.cs
  artifactKey: Guid(b04cfe015b44cfc4fb97244a8ce150c0) Importer(815301076,1909f56bfc062723c751e8b465ee728b)
Start importing Assets/Scripts/PlayerScripts/MoveBehaviour.cs using Guid(b04cfe015b44cfc4fb97244a8ce150c0) Importer(815301076,1909f56bfc062723c751e8b465ee728b)  -> (artifact id: '1e3fe450c421fa579eabca9e0f30db96') in 0.002209 seconds
  Import took 0.004113 seconds .

========================================================================
Received Prepare
Registering precompiled user dll's ...
Registered in 0.000530 seconds.
Begin MonoManager ReloadAssembly
Native extension for WindowsStandalone target not found
Refreshing native plugins compatible for Editor in 0.23 ms, found 0 plugins.
Preloading 0 native plugins for Editor in 0.00 ms.
Invoked RoslynAnalysisRunner static constructor.
RoslynAnalysisRunner will not be running.
RoslynAnalysisRunner has terminated.
Mono: successfully reloaded assembly
- Completed reload, in  0.524 seconds
Platform modules already initialized, skipping
Refreshing native plugins compatible for Editor in 0.28 ms, found 0 plugins.
Preloading 0 native plugins for Editor in 0.00 ms.
Unloading 1127 Unused Serialized files (Serialized files now loaded: 0)
System memory in use before: 76.3 MB.
System memory in use after: 76.4 MB.

Unloading 5 unused Assets to reduce memory usage. Loaded Objects now: 1702.
Total: 1.463000 ms (FindLiveObjects: 0.120400 ms CreateObjectMapping: 0.042100 ms MarkObjects: 1.193200 ms  DeleteObjects: 0.106300 ms)

========================================================================
Received Import Request.
  Time since last request: 34.904528 seconds.
  path: Assets/Scripts/PlayerScripts/MoveBehaviour.cs
  artifactKey: Guid(b04cfe015b44cfc4fb97244a8ce150c0) Importer(815301076,1909f56bfc062723c751e8b465ee728b)
Start importing Assets/Scripts/PlayerScripts/MoveBehaviour.cs using Guid(b04cfe015b44cfc4fb97244a8ce150c0) Importer(815301076,1909f56bfc062723c751e8b465ee728b)  -> (artifact id: 'dacfc02ffba68b14dc277453649f93dd') in 0.004375 seconds
  Import took 0.006147 seconds .

========================================================================
Received Prepare
Registering precompiled user dll's ...
Registered in 0.000545 seconds.
Begin MonoManager ReloadAssembly
Native extension for WindowsStandalone target not found
Refreshing native plugins compatible for Editor in 0.21 ms, found 0 plugins.
Preloading 0 native plugins for Editor in 0.00 ms.
Invoked RoslynAnalysisRunner static constructor.
RoslynAnalysisRunner will not be running.
RoslynAnalysisRunner has terminated.
Mono: successfully reloaded assembly
- Completed reload, in  0.493 seconds
Platform modules already initialized, skipping
Refreshing native plugins compatible for Editor in 0.21 ms, found 0 plugins.
Preloading 0 native plugins for Editor in 0.00 ms.
Unloading 1127 Unused Serialized files (Serialized files now loaded: 0)
System memory in use before: 76.3 MB.
System memory in use after: 76.4 MB.

Unloading 5 unused Assets to reduce memory usage. Loaded Objects now: 1705.
Total: 1.597400 ms (FindLiveObjects: 0.113800 ms CreateObjectMapping: 0.025500 ms MarkObjects: 1.344700 ms  DeleteObjects: 0.112700 ms)

========================================================================
Received Import Request.
  Time since last request: 35.078875 seconds.
  path: Assets/Scripts/PlayerScripts/player.cs
  artifactKey: Guid(40b02e8e49277e247a670431ff6271f2) Importer(815301076,1909f56bfc062723c751e8b465ee728b)
Start importing Assets/Scripts/PlayerScripts/player.cs using Guid(40b02e8e49277e247a670431ff6271f2) Importer(815301076,1909f56bfc062723c751e8b465ee728b)  -> (artifact id: '592e3e33f7038b2ef0df038ade56bb65') in 0.008541 seconds
  Import took 0.011037 seconds .

========================================================================
Received Prepare
Registering precompiled user dll's ...
Registered in 0.000459 seconds.
Begin MonoManager ReloadAssembly
Native extension for WindowsStandalone target not found
Refreshing native plugins compatible for Editor in 0.28 ms, found 0 plugins.
Preloading 0 native plugins for Editor in 0.00 ms.
Invoked RoslynAnalysisRunner static constructor.
RoslynAnalysisRunner will not be running.
RoslynAnalysisRunner has terminated.
Mono: successfully reloaded assembly
- Completed reload, in  0.564 seconds
Platform modules already initialized, skipping
Refreshing native plugins compatible for Editor in 0.24 ms, found 0 plugins.
Preloading 0 native plugins for Editor in 0.00 ms.
Unloading 1127 Unused Serialized files (Serialized files now loaded: 0)
System memory in use before: 76.3 MB.
System memory in use after: 76.4 MB.

Unloading 5 unused Assets to reduce memory usage. Loaded Objects now: 1708.
Total: 1.718300 ms (FindLiveObjects: 0.125200 ms CreateObjectMapping: 0.023900 ms MarkObjects: 1.328200 ms  DeleteObjects: 0.239900 ms)

========================================================================
Received Import Request.
  Time since last request: 69.158337 seconds.
  path: Assets/Scripts/PlayerScripts/player.cs
  artifactKey: Guid(40b02e8e49277e247a670431ff6271f2) Importer(815301076,1909f56bfc062723c751e8b465ee728b)
Start importing Assets/Scripts/PlayerScripts/player.cs using Guid(40b02e8e49277e247a670431ff6271f2) Importer(815301076,1909f56bfc062723c751e8b465ee728b)  -> (artifact id: '48574c7416ffdc973283c5258d92b0d0') in 0.005502 seconds
  Import took 0.007047 seconds .

========================================================================
Received Import Request.
  Time since last request: 0.016602 seconds.
  path: Assets/Scripts/PlayerScripts/player.cs
  artifactKey: Guid(40b02e8e49277e247a670431ff6271f2) Importer(815301076,1909f56bfc062723c751e8b465ee728b)
Start importing Assets/Scripts/PlayerScripts/player.cs using Guid(40b02e8e49277e247a670431ff6271f2) Importer(815301076,1909f56bfc062723c751e8b465ee728b)  -> (artifact id: '48574c7416ffdc973283c5258d92b0d0') in 0.001932 seconds
  Import took 0.003720 seconds .

========================================================================
Received Prepare
Registering precompiled user dll's ...
Registered in 0.000449 seconds.
Begin MonoManager ReloadAssembly
Native extension for WindowsStandalone target not found
Refreshing native plugins compatible for Editor in 0.21 ms, found 0 plugins.
Preloading 0 native plugins for Editor in 0.00 ms.
Invoked RoslynAnalysisRunner static constructor.
RoslynAnalysisRunner will not be running.
RoslynAnalysisRunner has terminated.
Mono: successfully reloaded assembly
- Completed reload, in  0.510 seconds
Platform modules already initialized, skipping
Refreshing native plugins compatible for Editor in 0.21 ms, found 0 plugins.
Preloading 0 native plugins for Editor in 0.00 ms.
Unloading 1126 Unused Serialized files (Serialized files now loaded: 0)
System memory in use before: 76.3 MB.
System memory in use after: 76.4 MB.

Unloading 6 unused Assets to reduce memory usage. Loaded Objects now: 1710.
Total: 1.868900 ms (FindLiveObjects: 0.257400 ms CreateObjectMapping: 0.050700 ms MarkObjects: 1.459000 ms  DeleteObjects: 0.100600 ms)

========================================================================
Received Prepare
Registering precompiled user dll's ...
Registered in 0.000571 seconds.
Begin MonoManager ReloadAssembly
Native extension for WindowsStandalone target not found
Refreshing native plugins compatible for Editor in 0.20 ms, found 0 plugins.
Preloading 0 native plugins for Editor in 0.00 ms.
Invoked RoslynAnalysisRunner static constructor.
RoslynAnalysisRunner will not be running.
RoslynAnalysisRunner has terminated.
Mono: successfully reloaded assembly
- Completed reload, in  0.508 seconds
Platform modules already initialized, skipping
Refreshing native plugins compatible for Editor in 0.21 ms, found 0 plugins.
Preloading 0 native plugins for Editor in 0.00 ms.
Unloading 1126 Unused Serialized files (Serialized files now loaded: 0)
System memory in use before: 76.3 MB.
System memory in use after: 76.4 MB.

Unloading 5 unused Assets to reduce memory usage. Loaded Objects now: 1713.
Total: 1.706100 ms (FindLiveObjects: 0.157800 ms CreateObjectMapping: 0.033300 ms MarkObjects: 1.418700 ms  DeleteObjects: 0.095300 ms)

========================================================================
Received Prepare
Registering precompiled user dll's ...
Registered in 0.000736 seconds.
Begin MonoManager ReloadAssembly
Native extension for WindowsStandalone target not found
Refreshing native plugins compatible for Editor in 0.20 ms, found 0 plugins.
Preloading 0 native plugins for Editor in 0.00 ms.
Invoked RoslynAnalysisRunner static constructor.
RoslynAnalysisRunner will not be running.
RoslynAnalysisRunner has terminated.
Mono: successfully reloaded assembly
- Completed reload, in  0.472 seconds
Platform modules already initialized, skipping
Refreshing native plugins compatible for Editor in 0.29 ms, found 0 plugins.
Preloading 0 native plugins for Editor in 0.00 ms.
Unloading 1126 Unused Serialized files (Serialized files now loaded: 0)
System memory in use before: 76.3 MB.
System memory in use after: 76.4 MB.

Unloading 5 unused Assets to reduce memory usage. Loaded Objects now: 1716.
Total: 1.476000 ms (FindLiveObjects: 0.147100 ms CreateObjectMapping: 0.052400 ms MarkObjects: 1.177200 ms  DeleteObjects: 0.098400 ms)

========================================================================
Received Prepare
Registering precompiled user dll's ...
Registered in 0.000482 seconds.
Begin MonoManager ReloadAssembly
Native extension for WindowsStandalone target not found
Refreshing native plugins compatible for Editor in 0.21 ms, found 0 plugins.
Preloading 0 native plugins for Editor in 0.00 ms.
Invoked RoslynAnalysisRunner static constructor.
RoslynAnalysisRunner will not be running.
RoslynAnalysisRunner has terminated.
Mono: successfully reloaded assembly
- Completed reload, in  0.529 seconds
Platform modules already initialized, skipping
Refreshing native plugins compatible for Editor in 0.33 ms, found 0 plugins.
Preloading 0 native plugins for Editor in 0.00 ms.
Unloading 1126 Unused Serialized files (Serialized files now loaded: 0)
System memory in use before: 76.3 MB.
System memory in use after: 76.4 MB.

Unloading 5 unused Assets to reduce memory usage. Loaded Objects now: 1719.
Total: 1.626600 ms (FindLiveObjects: 0.129600 ms CreateObjectMapping: 0.027200 ms MarkObjects: 1.364600 ms  DeleteObjects: 0.104100 ms)

========================================================================
Received Prepare
Registering precompiled user dll's ...
Registered in 0.000825 seconds.
Begin MonoManager ReloadAssembly
Native extension for WindowsStandalone target not found
Refreshing native plugins compatible for Editor in 0.28 ms, found 0 plugins.
Preloading 0 native plugins for Editor in 0.00 ms.
Invoked RoslynAnalysisRunner static constructor.
RoslynAnalysisRunner will not be running.
RoslynAnalysisRunner has terminated.
Mono: successfully reloaded assembly
- Completed reload, in  0.850 seconds
Platform modules already initialized, skipping
Refreshing native plugins compatible for Editor in 0.32 ms, found 0 plugins.
Preloading 0 native plugins for Editor in 0.00 ms.
Unloading 1126 Unused Serialized files (Serialized files now loaded: 0)
System memory in use before: 76.3 MB.
System memory in use after: 76.4 MB.

Unloading 5 unused Assets to reduce memory usage. Loaded Objects now: 1722.
Total: 1.900700 ms (FindLiveObjects: 0.338500 ms CreateObjectMapping: 0.077300 ms MarkObjects: 1.382100 ms  DeleteObjects: 0.101300 ms)

========================================================================
Received Prepare
Registering precompiled user dll's ...
Registered in 0.000580 seconds.
Begin MonoManager ReloadAssembly
Native extension for WindowsStandalone target not found
Refreshing native plugins compatible for Editor in 0.20 ms, found 0 plugins.
Preloading 0 native plugins for Editor in 0.00 ms.
Invoked RoslynAnalysisRunner static constructor.
RoslynAnalysisRunner will not be running.
RoslynAnalysisRunner has terminated.
Mono: successfully reloaded assembly
- Completed reload, in  0.502 seconds
Platform modules already initialized, skipping
Refreshing native plugins compatible for Editor in 0.29 ms, found 0 plugins.
Preloading 0 native plugins for Editor in 0.00 ms.
Unloading 1126 Unused Serialized files (Serialized files now loaded: 0)
System memory in use before: 76.4 MB.
System memory in use after: 76.4 MB.

Unloading 5 unused Assets to reduce memory usage. Loaded Objects now: 1725.
Total: 1.879200 ms (FindLiveObjects: 0.180900 ms CreateObjectMapping: 0.031200 ms MarkObjects: 1.550200 ms  DeleteObjects: 0.115100 ms)

========================================================================
Received Prepare
Registering precompiled user dll's ...
Registered in 0.000506 seconds.
Begin MonoManager ReloadAssembly
Native extension for WindowsStandalone target not found
Refreshing native plugins compatible for Editor in 0.20 ms, found 0 plugins.
Preloading 0 native plugins for Editor in 0.00 ms.
Invoked RoslynAnalysisRunner static constructor.
RoslynAnalysisRunner will not be running.
RoslynAnalysisRunner has terminated.
Mono: successfully reloaded assembly
- Completed reload, in  0.507 seconds
Platform modules already initialized, skipping
Refreshing native plugins compatible for Editor in 0.28 ms, found 0 plugins.
Preloading 0 native plugins for Editor in 0.00 ms.
Unloading 1126 Unused Serialized files (Serialized files now loaded: 0)
System memory in use before: 76.4 MB.
System memory in use after: 76.4 MB.

Unloading 5 unused Assets to reduce memory usage. Loaded Objects now: 1728.
Total: 1.376300 ms (FindLiveObjects: 0.102900 ms CreateObjectMapping: 0.026300 ms MarkObjects: 1.151100 ms  DeleteObjects: 0.094800 ms)

========================================================================
Received Import Request.
  Time since last request: 3250.184936 seconds.
  path: Assets/Animators/Player.controller
  artifactKey: Guid(ca41d5e228e63d747a22539a78b62457) Importer(815301076,1909f56bfc062723c751e8b465ee728b)
Start importing Assets/Animators/Player.controller using Guid(ca41d5e228e63d747a22539a78b62457) Importer(815301076,1909f56bfc062723c751e8b465ee728b)  -> (artifact id: 'a1b8ba27ffa875964a2a4bda5b0a7913') in 0.034509 seconds
  Import took 0.046929 seconds .

========================================================================
Received Prepare
Registering precompiled user dll's ...
Registered in 0.000557 seconds.
Begin MonoManager ReloadAssembly
Native extension for WindowsStandalone target not found
Refreshing native plugins compatible for Editor in 0.23 ms, found 0 plugins.
Preloading 0 native plugins for Editor in 0.00 ms.
Invoked RoslynAnalysisRunner static constructor.
RoslynAnalysisRunner will not be running.
RoslynAnalysisRunner has terminated.
Mono: successfully reloaded assembly
- Completed reload, in  0.546 seconds
Platform modules already initialized, skipping
Refreshing native plugins compatible for Editor in 0.21 ms, found 0 plugins.
Preloading 0 native plugins for Editor in 0.00 ms.
Unloading 1126 Unused Serialized files (Serialized files now loaded: 0)
System memory in use before: 76.4 MB.
System memory in use after: 76.5 MB.

Unloading 5 unused Assets to reduce memory usage. Loaded Objects now: 1731.
Total: 1.311300 ms (FindLiveObjects: 0.108100 ms CreateObjectMapping: 0.022800 ms MarkObjects: 1.092900 ms  DeleteObjects: 0.086300 ms)

AssetImportWorkerClient::OnTransportError - code=2 error=End of file
